# JRE version: OpenJDK Runtime Environment Temurin-17.0.4.1+1 (17.0.4.1+1) (build 17.0.4.1+1)
# Java VM: OpenJDK 64-Bit Server VM Temurin-17.0.4.1+1 (17.0.4.1+1, mixed mode, emulated-client, tiered, compressed oops, compressed class ptrs, g1 gc, windows-amd64)
GC Precious Log:
 CPUs: 8 total, 8 available
 Memory: 8157M
 Large Page Support: Disabled
 NUMA Support: Disabled
 Compressed Oops: Enabled (32-bit)
 Heap Region Size: 1M
 Heap Min Capacity: 8M
 Heap Initial Capacity: 128M
 Heap Max Capacity: 2040M
 Pre-touch: Disabled
 Parallel Workers: 8
 Concurrent Workers: 2
 Concurrent Refinement Workers: 8
 Periodic GC: Disabled
Heap:
 garbage-first heap   total 126976K, used 36948K [0x0000000080800000, 0x0000000100000000)
  region size 1024K, 1 young (1024K), 0 survivors (0K)
 Metaspace       used 52935K, committed 53440K, reserved 1097728K
  class space    used 6980K, committed 7232K, reserved 1048576K
GC Heap History (20 events):
Event: 53945.809 GC heap before
{Heap before GC invocations=2846 (full 2815):
 garbage-first heap   total 126976K, used 36948K [0x0000000080800000, 0x0000000100000000)
  region size 1024K, 1 young (1024K), 0 survivors (0K)
 Metaspace       used 52935K, committed 53440K, reserved 1097728K
  class space    used 6980K, committed 7232K, reserved 1048576K
}
Event: 53945.844 GC heap after
{Heap after GC invocations=2847 (full 2816):
 garbage-first heap   total 126976K, used 36948K [0x0000000080800000, 0x0000000100000000)
  region size 1024K, 0 young (0K), 0 survivors (0K)
 Metaspace       used 52935K, committed 53440K, reserved 1097728K
  class space    used 6980K, committed 7232K, reserved 1048576K
}
Event: 53956.006 GC heap before
{Heap before GC invocations=2847 (full 2816):
 garbage-first heap   total 126976K, used 36948K [0x0000000080800000, 0x0000000100000000)
  region size 1024K, 1 young (1024K), 0 survivors (0K)
 Metaspace       used 52935K, committed 53440K, reserved 1097728K
  class space    used 6980K, committed 7232K, reserved 1048576K
}
Event: 53956.039 GC heap after
{Heap after GC invocations=2848 (full 2817):
 garbage-first heap   total 126976K, used 36948K [0x0000000080800000, 0x0000000100000000)
  region size 1024K, 0 young (0K), 0 survivors (0K)
 Metaspace       used 52935K, committed 53440K, reserved 1097728K
  class space    used 6980K, committed 7232K, reserved 1048576K
}
Event: 53966.205 GC heap before
{Heap before GC invocations=2848 (full 2817):
 garbage-first heap   total 126976K, used 36948K [0x0000000080800000, 0x0000000100000000)
  region size 1024K, 1 young (1024K), 0 survivors (0K)
 Metaspace       used 52935K, committed 53440K, reserved 1097728K
  class space    used 6980K, committed 7232K, reserved 1048576K
}
Event: 53966.240 GC heap after
{Heap after GC invocations=2849 (full 2818):
 garbage-first heap   total 126976K, used 36948K [0x0000000080800000, 0x0000000100000000)
  region size 1024K, 0 young (0K), 0 survivors (0K)
 Metaspace       used 52935K, committed 53440K, reserved 1097728K
  class space    used 6980K, committed 7232K, reserved 1048576K
}
Event: 53976.410 GC heap before
{Heap before GC invocations=2849 (full 2818):
 garbage-first heap   total 126976K, used 36948K [0x0000000080800000, 0x0000000100000000)
  region size 1024K, 1 young (1024K), 0 survivors (0K)
 Metaspace       used 52935K, committed 53440K, reserved 1097728K
  class space    used 6980K, committed 7232K, reserved 1048576K
}
Event: 53976.464 GC heap after
{Heap after GC invocations=2850 (full 2819):
 garbage-first heap   total 126976K, used 36948K [0x0000000080800000, 0x0000000100000000)
  region size 1024K, 0 young (0K), 0 survivors (0K)
 Metaspace       used 52935K, committed 53440K, reserved 1097728K
  class space    used 6980K, committed 7232K, reserved 1048576K
}
Event: 53988.102 GC heap before
{Heap before GC invocations=2850 (full 2819):
 garbage-first heap   total 126976K, used 36948K [0x0000000080800000, 0x0000000100000000)
  region size 1024K, 1 young (1024K), 0 survivors (0K)
 Metaspace       used 52935K, committed 53440K, reserved 1097728K
  class space    used 6980K, committed 7232K, reserved 1048576K
}
Event: 53988.182 GC heap after
{Heap after GC invocations=2851 (full 2820):
 garbage-first heap   total 126976K, used 36948K [0x0000000080800000, 0x0000000100000000)
  region size 1024K, 0 young (0K), 0 survivors (0K)
 Metaspace       used 52935K, committed 53440K, reserved 1097728K
  class space    used 6980K, committed 7232K, reserved 1048576K
}
Event: 53998.704 GC heap before
{Heap before GC invocations=2851 (full 2820):
 garbage-first heap   total 126976K, used 36948K [0x0000000080800000, 0x0000000100000000)
  region size 1024K, 1 young (1024K), 0 survivors (0K)
 Metaspace       used 52935K, committed 53440K, reserved 1097728K
  class space    used 6980K, committed 7232K, reserved 1048576K
}
Event: 53998.767 GC heap after
{Heap after GC invocations=2852 (full 2821):
 garbage-first heap   total 126976K, used 36948K [0x0000000080800000, 0x0000000100000000)
  region size 1024K, 0 young (0K), 0 survivors (0K)
 Metaspace       used 52935K, committed 53440K, reserved 1097728K
  class space    used 6980K, committed 7232K, reserved 1048576K
}
Event: 54009.097 GC heap before
{Heap before GC invocations=2852 (full 2821):
 garbage-first heap   total 126976K, used 36948K [0x0000000080800000, 0x0000000100000000)
  region size 1024K, 1 young (1024K), 0 survivors (0K)
 Metaspace       used 52935K, committed 53440K, reserved 1097728K
  class space    used 6980K, committed 7232K, reserved 1048576K
}
Event: 54009.179 GC heap after
{Heap after GC invocations=2853 (full 2822):
 garbage-first heap   total 126976K, used 36948K [0x0000000080800000, 0x0000000100000000)
  region size 1024K, 0 young (0K), 0 survivors (0K)
 Metaspace       used 52935K, committed 53440K, reserved 1097728K
  class space    used 6980K, committed 7232K, reserved 1048576K
}
Event: 54019.547 GC heap before
{Heap before GC invocations=2853 (full 2822):
 garbage-first heap   total 126976K, used 36948K [0x0000000080800000, 0x0000000100000000)
  region size 1024K, 1 young (1024K), 0 survivors (0K)
 Metaspace       used 52935K, committed 53440K, reserved 1097728K
  class space    used 6980K, committed 7232K, reserved 1048576K
}
Event: 54019.613 GC heap after
{Heap after GC invocations=2854 (full 2823):
 garbage-first heap   total 126976K, used 36948K [0x0000000080800000, 0x0000000100000000)
  region size 1024K, 0 young (0K), 0 survivors (0K)
 Metaspace       used 52935K, committed 53440K, reserved 1097728K
  class space    used 6980K, committed 7232K, reserved 1048576K
}
Event: 54029.949 GC heap before
{Heap before GC invocations=2854 (full 2823):
 garbage-first heap   total 126976K, used 36948K [0x0000000080800000, 0x0000000100000000)
  region size 1024K, 1 young (1024K), 0 survivors (0K)
 Metaspace       used 52935K, committed 53440K, reserved 1097728K
  class space    used 6980K, committed 7232K, reserved 1048576K
}
Event: 54030.010 GC heap after
{Heap after GC invocations=2855 (full 2824):
 garbage-first heap   total 126976K, used 36948K [0x0000000080800000, 0x0000000100000000)
  region size 1024K, 0 young (0K), 0 survivors (0K)
 Metaspace       used 52935K, committed 53440K, reserved 1097728K
  class space    used 6980K, committed 7232K, reserved 1048576K
}
Event: 54040.204 GC heap before
{Heap before GC invocations=2855 (full 2824):
 garbage-first heap   total 126976K, used 36948K [0x0000000080800000, 0x0000000100000000)
  region size 1024K, 1 young (1024K), 0 survivors (0K)
 Metaspace       used 52935K, committed 53440K, reserved 1097728K
  class space    used 6980K, committed 7232K, reserved 1048576K
}
Event: 54040.253 GC heap after
{Heap after GC invocations=2856 (full 2825):
 garbage-first heap   total 126976K, used 36948K [0x0000000080800000, 0x0000000100000000)
  region size 1024K, 0 young (0K), 0 survivors (0K)
 Metaspace       used 52935K, committed 53440K, reserved 1097728K
  class space    used 6980K, committed 7232K, reserved 1048576K
}

